[18July2026 00:01:04.468] [Server thread/INFO] [AllTheLeaks/]: Listing events...
[18July2026 00:01:04.472] [Server thread/INFO] [AllTheLeaks/]: Server Player Logout: 2
[18July2026 00:01:04.473] [Server thread/INFO] [AllTheLeaks/]: Listing memory leaks so far...
[18July2026 00:01:04.473] [Server thread/INFO] [AllTheLeaks/]: B: 1952MB / C: 10171MB / Diff: +8219MB
[18July2026 00:01:04.473] [Server thread/INFO] [AllTheLeaks/]: Memory Leaks detected: (/atl force_refresh to update)
[18July2026 00:01:04.473] [Server thread/INFO] [AllTheLeaks/]: | Player:
[18July2026 00:01:04.473] [Server thread/INFO] [AllTheLeaks/]: |- ServerPlayer (minecraft): 2
[18July2026 00:01:04.473] [Server thread/INFO] [AllTheLeaks/]: | ChunkAccess:
[18July2026 00:01:04.473] [Server thread/INFO] [AllTheLeaks/]: |- LevelChunk (minecraft): 24877
[18July2026 00:06:04.521] [Server thread/INFO] [AllTheLeaks/]: Listing events...
[18July2026 00:06:04.521] [Server thread/INFO] [AllTheLeaks/]: Server Player Logout: 2
[18July2026 00:06:04.521] [Server thread/INFO] [AllTheLeaks/]: Listing memory leaks so far...
[18July2026 00:06:04.521] [Server thread/INFO] [AllTheLeaks/]: B: 1952MB / C: 10183MB / Diff: +8231MB
[18July2026 00:06:04.521] [Server thread/INFO] [AllTheLeaks/]: Memory Leaks detected: (/atl force_refresh to update)
[18July2026 00:06:04.521] [Server thread/INFO] [AllTheLeaks/]: | Player:
[18July2026 00:06:04.521] [Server thread/INFO] [AllTheLeaks/]: |- ServerPlayer (minecraft): 2
[18July2026 00:06:04.521] [Server thread/INFO] [AllTheLeaks/]: | ChunkAccess:
[18July2026 00:06:04.521] [Server thread/INFO] [AllTheLeaks/]: |- LevelChunk (minecraft): 24877
[18July2026 00:11:04.570] [Server thread/INFO] [AllTheLeaks/]: Listing events...
[18July2026 00:11:04.570] [Server thread/INFO] [AllTheLeaks/]: Server Player Logout: 2
[18July2026 00:11:04.570] [Server thread/INFO] [AllTheLeaks/]: Listing memory leaks so far...
[18July2026 00:11:04.570] [Server thread/INFO] [AllTheLeaks/]: B: 1952MB / C: 10198MB / Diff: +8246MB
[18July2026 00:11:04.570] [Server thread/INFO] [AllTheLeaks/]: Memory Leaks detected: (/atl force_refresh to update)
[18July2026 00:11:04.570] [Server thread/INFO] [AllTheLeaks/]: | Player:
[18July2026 00:11:04.570] [Server thread/INFO] [AllTheLeaks/]: |- ServerPlayer (minecraft): 2
[18July2026 00:11:04.570] [Server thread/INFO] [AllTheLeaks/]: | ChunkAccess:
[18July2026 00:11:04.570] [Server thread/INFO] [AllTheLeaks/]: |- LevelChunk (minecraft): 24877
[18July2026 00:16:04.621] [Server thread/INFO] [AllTheLeaks/]: Listing events...
[18July2026 00:16:04.621] [Server thread/INFO] [AllTheLeaks/]: Server Player Logout: 2
[18July2026 00:16:04.621] [Server thread/INFO] [AllTheLeaks/]: Listing memory leaks so far...
[18July2026 00:16:04.621] [Server thread/INFO] [AllTheLeaks/]: B: 1952MB / C: 10212MB / Diff: +8260MB
[18July2026 00:16:04.621] [Server thread/INFO] [AllTheLeaks/]: Memory Leaks detected: (/atl force_refresh to update)
[18July2026 00:16:04.621] [Server thread/INFO] [AllTheLeaks/]: | Player:
[18July2026 00:16:04.621] [Server thread/INFO] [AllTheLeaks/]: |- ServerPlayer (minecraft): 2
[18July2026 00:16:04.621] [Server thread/INFO] [AllTheLeaks/]: | ChunkAccess:
[18July2026 00:16:04.621] [Server thread/INFO] [AllTheLeaks/]: |- LevelChunk (minecraft): 24877
[18July2026 00:21:04.679] [Server thread/INFO] [AllTheLeaks/]: Listing events...
[18July2026 00:21:04.679] [Server thread/INFO] [AllTheLeaks/]: Server Player Logout: 2
[18July2026 00:21:04.679] [Server thread/INFO] [AllTheLeaks/]: Listing memory leaks so far...
[18July2026 00:21:04.679] [Server thread/INFO] [AllTheLeaks/]: B: 1952MB / C: 10218MB / Diff: +8266MB
[18July2026 00:21:04.679] [Server thread/INFO] [AllTheLeaks/]: Memory Leaks detected: (/atl force_refresh to update)
[18July2026 00:21:04.679] [Server thread/INFO] [AllTheLeaks/]: | Player:
[18July2026 00:21:04.679] [Server thread/INFO] [AllTheLeaks/]: |- ServerPlayer (minecraft): 2
[18July2026 00:21:04.679] [Server thread/INFO] [AllTheLeaks/]: | ChunkAccess:
[18July2026 00:21:04.680] [Server thread/INFO] [AllTheLeaks/]: |- LevelChunk (minecraft): 24877
[18July2026 00:22:14.029] [Server thread/INFO] [net.minecraft.server.network.ServerGamePacketListenerImpl/]: MYSTICALFLAMES lost connection: Disconnected
[18July2026 00:22:14.029] [Server thread/INFO] [net.minecraft.server.MinecraftServer/]: MYSTICALFLAMES left the game
[18July2026 00:22:14.029] [Server thread/INFO] [com.alrex.parcool.ParCool/]: Limitation of 246c6ed8-2996-4eb8-a412-537de9ae9c42 was unloaded
[18July2026 00:22:14.030] [Server thread/INFO] [voicechat/]: [voicechat] Disconnecting client MYSTICALFLAMES
[18July2026 00:22:14.030] [Server thread/INFO] [xaero.pac.OpenPartiesAndClaims/]: Updating all forceload tickets for 246c6ed8-2996-4eb8-a412-537de9ae9c42
[18July2026 00:22:33.669] [Server thread/INFO] [AllTheLeaks/]: Method invalidateAll at mixin dev.uncandango.alltheleaks.mixin.core.main.FakeLevelManagerMixin cancelled due to not matching hash: Actual -2034214357, Expected: [-1241170928]
[18July2026 00:22:33.669] [Server thread/INFO] [AllTheLeaks/]: Mixin annotation @Lcom/llamalad7/mixinextras/injector/wrapoperation/WrapOperation;(at={@Lorg/spongepowered/asm/mixin/injection/At;(args={}, value="INVOKE", target="Ljava/util/Map;values()Ljava/util/Collection;")}, method={}, slice={}) at mixin dev.uncandango.alltheleaks.mixin.core.main.FakeLevelManagerMixin removed due to no methods available
[18July2026 00:22:33.669] [Server thread/WARN] [mixinsquared-annotation-adjuster/]: Modified mixin "dev.uncandango.alltheleaks.mixin.core.main.FakeLevelManagerMixin". Check debug logs for more information.
[18July2026 00:22:33.677] [Server thread/INFO] [net.minecraft.server.MinecraftServer/]: Stopping server
[18July2026 00:22:33.677] [Server thread/INFO] [net.minecraft.server.MinecraftServer/]: Saving players
[18July2026 00:22:33.677] [Server thread/INFO] [net.minecraft.server.MinecraftServer/]: Saving worlds
[18July2026 00:22:33.709] [Server thread/INFO] [net.minecraft.server.MinecraftServer/]: Saving chunks for level 'ServerLevel[Second]'/minecraft:overworld
[18July2026 00:22:34.090] [Immersive Optimization Worker/INFO] [Immersive Optimization/]: Shutting down Immersive Optimization worker
[18July2026 00:22:34.201] [Server thread/INFO] [net.minecraft.server.MinecraftServer/]: Saving chunks for level 'ServerLevel[Second]'/lostworlds:abyss
[18July2026 00:22:34.203] [Server thread/INFO] [net.minecraft.server.MinecraftServer/]: Saving chunks for level 'ServerLevel[Second]'/deceasedcraft:abyss
[18July2026 00:22:34.204] [Server thread/INFO] [net.minecraft.server.MinecraftServer/]: Saving chunks for level 'ServerLevel[Second]'/lostcities:lostcity
[18July2026 00:22:34.206] [Server thread/INFO] [net.minecraft.server.MinecraftServer/]: Saving chunks for level 'ServerLevel[Second]'/minecraft:the_end
[18July2026 00:22:34.207] [Server thread/INFO] [net.minecraft.server.MinecraftServer/]: Saving chunks for level 'ServerLevel[Second]'/minecraft:the_nether
[18July2026 00:22:34.336] [Server thread/INFO] [net.minecraft.server.MinecraftServer/]: ThreadedAnvilChunkStorage (world): All chunks are saved
[18July2026 00:22:34.336] [Server thread/INFO] [net.minecraft.server.MinecraftServer/]: ThreadedAnvilChunkStorage (abyss): All chunks are saved
[18July2026 00:22:34.336] [Server thread/INFO] [net.minecraft.server.MinecraftServer/]: ThreadedAnvilChunkStorage (abyss): All chunks are saved
[18July2026 00:22:34.337] [Server thread/INFO] [net.minecraft.server.MinecraftServer/]: ThreadedAnvilChunkStorage (lostcity): All chunks are saved
[18July2026 00:22:34.337] [Server thread/INFO] [net.minecraft.server.MinecraftServer/]: ThreadedAnvilChunkStorage (DIM1): All chunks are saved
[18July2026 00:22:34.337] [Server thread/INFO] [net.minecraft.server.MinecraftServer/]: ThreadedAnvilChunkStorage (DIM-1): All chunks are saved
[18July2026 00:22:34.337] [Server thread/INFO] [net.minecraft.server.MinecraftServer/]: ThreadedAnvilChunkStorage: All dimensions are saved
[18July2026 00:22:35.831] [Server thread/INFO] [Framework/]: Unloading server configs...
[18July2026 00:22:35.832] [Server thread/INFO] [Framework/]: Sending config unload event for refurbished_furniture.server.toml
[18July2026 00:22:35.834] [Server thread/INFO] [Framework/]: Sending config unload event for cfm_wap.server.toml
[18July2026 00:22:35.834] [Server thread/INFO] [Framework/]: Finished unloading server configs
[18July2026 00:22:35.834] [Server thread/INFO] [xaero.pac.OpenPartiesAndClaims/]: Stopping IO worker...
[18July2026 00:22:35.837] [Server thread/INFO] [xaero.pac.OpenPartiesAndClaims/]: Stopped IO worker!
